<?xml version="1.0" encoding="UTF-8"?>
<!-- Generated by org.testng.reporters.JUnitXMLReporter -->
<testsuite ignored="0" hostname="DESKTOP-BV1GLVQ" failures="0" tests="6" name="Test" time="38.431" errors="0" timestamp="2024-09-02T20:35:21 IST">
  <testcase classname="testCases.TC003_LoginDataDrivenTesting" name="verify_DataDrivernTesting" time="2.131"/>
  <testcase classname="testCases.TC003_LoginDataDrivenTesting" name="verify_DataDrivernTesting" time="1.793"/>
  <testcase classname="testCases.TC003_LoginDataDrivenTesting" name="verify_DataDrivernTesting" time="1.62"/>
  <testcase classname="testCases.TC003_LoginDataDrivenTesting" name="verify_DataDrivernTesting" time="11.655"/>
  <testcase classname="testCases.TC003_LoginDataDrivenTesting" name="verify_DataDrivernTesting" time="1.941"/>
  <testcase classname="testCases.TC003_LoginDataDrivenTesting" name="verify_DataDrivernTesting" time="11.164"/>
</testsuite> <!-- Test -->
