<?xml version="1.0" encoding="UTF-8"?>
<testng-results ignored="0" total="6" passed="6" failed="0" skipped="0">
  <reporter-output>
  </reporter-output>
  <suite started-at="2024-09-02T20:34:42 IST" name="Master Suite" finished-at="2024-09-02T20:35:20 IST" duration-ms="38431">
    <groups>
      <group name="Datadriven">
        <method signature="TC003_LoginDataDrivenTesting.verify_DataDrivernTesting(java.lang.String,java.lang.String,java.lang.String)[pri:0, instance:testCases.TC003_LoginDataDrivenTesting@5cdd09b1]" name="verify_DataDrivernTesting" class="testCases.TC003_LoginDataDrivenTesting"/>
      </group> <!-- Datadriven -->
    </groups>
    <test started-at="2024-09-02T20:34:42 IST" name="Test" finished-at="2024-09-02T20:35:20 IST" duration-ms="38431">
      <class name="testCases.TC003_LoginDataDrivenTesting">
        <test-method is-config="true" signature="setup(java.lang.String,java.lang.String)[pri:0, instance:testCases.TC003_LoginDataDrivenTesting@5cdd09b1]" started-at="2024-09-02T20:34:42 IST" name="setup" finished-at="2024-09-02T20:34:46 IST" duration-ms="4412" status="PASS">
          <params>
            <param index="0">
              <value>
                <![CDATA[Windows]]>
              </value>
            </param>
            <param index="1">
              <value>
                <![CDATA[chrome]]>
              </value>
            </param>
          </params>
          <reporter-output>
          </reporter-output>
        </test-method> <!-- setup -->
        <test-method signature="verify_DataDrivernTesting(java.lang.String,java.lang.String,java.lang.String)[pri:0, instance:testCases.TC003_LoginDataDrivenTesting@5cdd09b1]" started-at="2024-09-02T20:34:50 IST" name="verify_DataDrivernTesting" data-provider="LoginData" finished-at="2024-09-02T20:34:52 IST" duration-ms="2131" status="PASS">
          <params>
            <param index="0">
              <value>
                <![CDATA[kiranchoudhary@gmail.com]]>
              </value>
            </param>
            <param index="1">
              <value>
                <![CDATA[test@123]]>
              </value>
            </param>
            <param index="2">
              <value>
                <![CDATA[valid]]>
              </value>
            </param>
          </params>
          <reporter-output>
          </reporter-output>
        </test-method> <!-- verify_DataDrivernTesting -->
        <test-method signature="verify_DataDrivernTesting(java.lang.String,java.lang.String,java.lang.String)[pri:0, instance:testCases.TC003_LoginDataDrivenTesting@5cdd09b1]" started-at="2024-09-02T20:34:52 IST" name="verify_DataDrivernTesting" data-provider="LoginData" finished-at="2024-09-02T20:34:53 IST" duration-ms="1793" status="PASS">
          <params>
            <param index="0">
              <value>
                <![CDATA[lakshmi@yahoo.com]]>
              </value>
            </param>
            <param index="1">
              <value>
                <![CDATA[Laxmi]]>
              </value>
            </param>
            <param index="2">
              <value>
                <![CDATA[valid]]>
              </value>
            </param>
          </params>
          <reporter-output>
          </reporter-output>
        </test-method> <!-- verify_DataDrivernTesting -->
        <test-method signature="verify_DataDrivernTesting(java.lang.String,java.lang.String,java.lang.String)[pri:0, instance:testCases.TC003_LoginDataDrivenTesting@5cdd09b1]" started-at="2024-09-02T20:34:53 IST" name="verify_DataDrivernTesting" data-provider="LoginData" finished-at="2024-09-02T20:34:55 IST" duration-ms="1620" status="PASS">
          <params>
            <param index="0">
              <value>
                <![CDATA[laksh@yahoo.com]]>
              </value>
            </param>
            <param index="1">
              <value>
                <![CDATA[Lakshmi]]>
              </value>
            </param>
            <param index="2">
              <value>
                <![CDATA[valid]]>
              </value>
            </param>
          </params>
          <reporter-output>
          </reporter-output>
        </test-method> <!-- verify_DataDrivernTesting -->
        <test-method signature="verify_DataDrivernTesting(java.lang.String,java.lang.String,java.lang.String)[pri:0, instance:testCases.TC003_LoginDataDrivenTesting@5cdd09b1]" started-at="2024-09-02T20:34:55 IST" name="verify_DataDrivernTesting" data-provider="LoginData" finished-at="2024-09-02T20:35:07 IST" duration-ms="11655" status="PASS">
          <params>
            <param index="0">
              <value>
                <![CDATA[laks@yahoo.com]]>
              </value>
            </param>
            <param index="1">
              <value>
                <![CDATA[xyz]]>
              </value>
            </param>
            <param index="2">
              <value>
                <![CDATA[invalid]]>
              </value>
            </param>
          </params>
          <reporter-output>
          </reporter-output>
        </test-method> <!-- verify_DataDrivernTesting -->
        <test-method signature="verify_DataDrivernTesting(java.lang.String,java.lang.String,java.lang.String)[pri:0, instance:testCases.TC003_LoginDataDrivenTesting@5cdd09b1]" started-at="2024-09-02T20:35:07 IST" name="verify_DataDrivernTesting" data-provider="LoginData" finished-at="2024-09-02T20:35:09 IST" duration-ms="1941" status="PASS">
          <params>
            <param index="0">
              <value>
                <![CDATA[abc123@gmail.com]]>
              </value>
            </param>
            <param index="1">
              <value>
                <![CDATA[test@123]]>
              </value>
            </param>
            <param index="2">
              <value>
                <![CDATA[valid]]>
              </value>
            </param>
          </params>
          <reporter-output>
          </reporter-output>
        </test-method> <!-- verify_DataDrivernTesting -->
        <test-method signature="verify_DataDrivernTesting(java.lang.String,java.lang.String,java.lang.String)[pri:0, instance:testCases.TC003_LoginDataDrivenTesting@5cdd09b1]" started-at="2024-09-02T20:35:09 IST" name="verify_DataDrivernTesting" data-provider="LoginData" finished-at="2024-09-02T20:35:20 IST" duration-ms="11164" status="PASS">
          <params>
            <param index="0">
              <value>
                <![CDATA[]]>
              </value>
            </param>
            <param index="1">
              <value>
                <![CDATA[test@123]]>
              </value>
            </param>
            <param index="2">
              <value>
                <![CDATA[invalid]]>
              </value>
            </param>
          </params>
          <reporter-output>
          </reporter-output>
        </test-method> <!-- verify_DataDrivernTesting -->
        <test-method is-config="true" signature="tearDown()[pri:0, instance:testCases.TC003_LoginDataDrivenTesting@5cdd09b1]" started-at="2024-09-02T20:35:20 IST" name="tearDown" finished-at="2024-09-02T20:35:20 IST" duration-ms="229" status="PASS">
          <reporter-output>
          </reporter-output>
        </test-method> <!-- tearDown -->
      </class> <!-- testCases.TC003_LoginDataDrivenTesting -->
    </test> <!-- Test -->
  </suite> <!-- Master Suite -->
</testng-results>
